<?xml version="1.0" ?>
<testsuites disabled="0" errors="0" failures="0" tests="1" time="123.345">
        <testsuite disabled="0" errors="0" failures="0" name="my test suite" skipped="0" tests="1" time="123.345">
                <testcase classname="some.class.name" name="Test1" time="123.345000">
                        <system-out>
&lt;![CDATA[
   characters with markup
]]&gt;
</system-out>
                        <system-err>I am stderr!</system-err>
                </testcase>
        </testsuite>
</testsuites>